<?xml version="1.0" encoding="UTF-8"?>
<!-- Generated by org.testng.reporters.JUnitXMLReporter -->
<testsuite ignored="4" hostname="THRINATH" failures="0" tests="7" name="Testrunner-Chrome" time="81.357" errors="0" timestamp="2025-03-17T17:26:53 IST">
  <testcase classname="com.SalesAndInventorySystem.Admin.Inventory.Inventory" name="TC_ST_015" time="6.143"/>
  <testcase classname="com.SalesAndInventorySystem.Admin.Inventory.Inventory" name="TC_ST_017" time="11.813"/>
  <testcase classname="com.SalesAndInventorySystem.Admin.Product.Product" name="TC_IT_010" time="8.297"/>
  <testcase classname="com.SalesAndInventorySystem.Admin.Product.Product" name="TC_ST_009" time="6.33"/>
  <testcase classname="com.SalesAndInventorySystem.Admin.Product.Product" name="TC_Smoke_030" time="6.317"/>
  <testcase classname="com.SalesAndInventorySystem.Admin.Supplier.Supplier" name="TC_IT_005" time="1.315"/>
  <testcase classname="com.SalesAndInventorySystem.Admin.Supplier.Supplier" name="TC_IT_006" time="1.356"/>
  <testcase classname="com.SalesAndInventorySystem.Generic.BaseUtility.BaseClass" name="@BeforeSuite configBs" time="0.0">
    <ignored/>
  </testcase> <!-- @BeforeSuite configBs -->
  <testcase classname="com.SalesAndInventorySystem.Generic.BaseUtility.BaseClass" name="@BeforeSuite configBs" time="0.0">
    <ignored/>
  </testcase> <!-- @BeforeSuite configBs -->
  <testcase classname="com.SalesAndInventorySystem.Generic.BaseUtility.BaseClass" name="@AfterSuite configAS" time="0.0">
    <ignored/>
  </testcase> <!-- @AfterSuite configAS -->
  <testcase classname="com.SalesAndInventorySystem.Generic.BaseUtility.BaseClass" name="@AfterSuite configAS" time="0.0">
    <ignored/>
  </testcase> <!-- @AfterSuite configAS -->
</testsuite> <!-- Testrunner-Chrome -->
