<?xml version="1.0" encoding="UTF-8"?>
<!-- Generated by org.testng.reporters.JUnitXMLReporter -->
<testsuite ignored="6" hostname="THRINATH" failures="0" tests="10" name="Test" time="96.715" errors="0" timestamp="2025-03-17T16:58:43 IST">
  <testcase classname="com.SalesAndInventorySystem.Admin.Inventory.Inventory" name="TC_ST_015" time="4.31"/>
  <testcase classname="com.SalesAndInventorySystem.Admin.Inventory.Inventory" name="TC_ST_017" time="11.22"/>
  <testcase classname="com.SalesAndInventorySystem.Admin.Employee.Employee" name="EmployeePageDetailsButton" time="0.44"/>
  <testcase classname="com.SalesAndInventorySystem.Admin.Employee.Employee" name="EmployeePageSearchPage" time="1.346"/>
  <testcase classname="com.SalesAndInventorySystem.Admin.Employee.Employee" name="addEmployeeButton" time="0.896"/>
  <testcase classname="com.SalesAndInventorySystem.Admin.Supplier.Supplier" name="TC_IT_005" time="1.323"/>
  <testcase classname="com.SalesAndInventorySystem.Admin.Supplier.Supplier" name="TC_IT_006" time="1.338"/>
  <testcase classname="com.SalesAndInventorySystem.Admin.Product.Product" name="TC_IT_010" time="7.762"/>
  <testcase classname="com.SalesAndInventorySystem.Admin.Product.Product" name="TC_ST_009" time="5.983"/>
  <testcase classname="com.SalesAndInventorySystem.Admin.Product.Product" name="TC_Smoke_030" time="6.291"/>
  <testcase classname="com.SalesAndInventorySystem.Generic.BaseUtility.BaseClass" name="@BeforeSuite configBs" time="0.0">
    <ignored/>
  </testcase> <!-- @BeforeSuite configBs -->
  <testcase classname="com.SalesAndInventorySystem.Generic.BaseUtility.BaseClass" name="@AfterSuite configAS" time="0.0">
    <ignored/>
  </testcase> <!-- @AfterSuite configAS -->
  <testcase classname="com.SalesAndInventorySystem.Generic.BaseUtility.BaseClass" name="@BeforeSuite configBs" time="0.0">
    <ignored/>
  </testcase> <!-- @BeforeSuite configBs -->
  <testcase classname="com.SalesAndInventorySystem.Generic.BaseUtility.BaseClass" name="@AfterSuite configAS" time="0.0">
    <ignored/>
  </testcase> <!-- @AfterSuite configAS -->
  <testcase classname="com.SalesAndInventorySystem.Generic.BaseUtility.BaseClass" name="@BeforeSuite configBs" time="0.0">
    <ignored/>
  </testcase> <!-- @BeforeSuite configBs -->
  <testcase classname="com.SalesAndInventorySystem.Generic.BaseUtility.BaseClass" name="@AfterSuite configAS" time="0.0">
    <ignored/>
  </testcase> <!-- @AfterSuite configAS -->
</testsuite> <!-- Test -->
