<?xml version="1.0" encoding="UTF-8"?>
<!-- Generated by org.testng.reporters.JUnitXMLReporter -->
<testsuite ignored="4" hostname="THRINATH" failures="0" tests="7" name="Test" time="67.888" errors="0" timestamp="2025-03-18T10:03:58 IST">
  <testcase classname="com.SalesAndInventorySystem.Admin.Inventory.Inventory" name="TC_ST_015" time="6.395"/>
  <testcase classname="com.SalesAndInventorySystem.Admin.Inventory.Inventory" name="TC_ST_017" time="6.513"/>
  <testcase classname="com.SalesAndInventorySystem.Admin.Supplier.Supplier" name="TC_IT_005" time="1.027"/>
  <testcase classname="com.SalesAndInventorySystem.Admin.Supplier.Supplier" name="TC_IT_006" time="1.005"/>
  <testcase classname="com.SalesAndInventorySystem.Admin.Product.Product" name="TC_IT_010" time="4.787"/>
  <testcase classname="com.SalesAndInventorySystem.Admin.Product.Product" name="TC_ST_009" time="4.39"/>
  <testcase classname="com.SalesAndInventorySystem.Admin.Product.Product" name="TC_Smoke_030" time="4.183"/>
  <testcase classname="com.SalesAndInventorySystem.Generic.BaseUtility.BaseClass" name="@BeforeSuite configBs" time="0.0">
    <ignored/>
  </testcase> <!-- @BeforeSuite configBs -->
  <testcase classname="com.SalesAndInventorySystem.Generic.BaseUtility.BaseClass" name="@AfterSuite configAS" time="0.0">
    <ignored/>
  </testcase> <!-- @AfterSuite configAS -->
  <testcase classname="com.SalesAndInventorySystem.Generic.BaseUtility.BaseClass" name="@BeforeSuite configBs" time="0.0">
    <ignored/>
  </testcase> <!-- @BeforeSuite configBs -->
  <testcase classname="com.SalesAndInventorySystem.Generic.BaseUtility.BaseClass" name="@AfterSuite configAS" time="0.0">
    <ignored/>
  </testcase> <!-- @AfterSuite configAS -->
</testsuite> <!-- Test -->
