<?xml version="1.0" encoding="UTF-8"?>
<!-- Generated by org.testng.reporters.JUnitXMLReporter -->
<testsuite ignored="2" hostname="THRINATH" failures="0" tests="1" name="Default test" time="13.606" errors="0" timestamp="2025-03-17T16:26:48 IST">
  <testcase classname="com.SalesAndInventorySystem.Admin.Product.Product" name="TC_Smoke_030" time="6.799"/>
  <testcase classname="com.SalesAndInventorySystem.Admin.Product.Product" name="TC_IT_010" time="0.0">
    <ignored/>
  </testcase> <!-- TC_IT_010 -->
  <testcase classname="com.SalesAndInventorySystem.Admin.Product.Product" name="TC_ST_009" time="0.0">
    <ignored/>
  </testcase> <!-- TC_ST_009 -->
</testsuite> <!-- Default test -->
