<?xml version="1.0" encoding="UTF-8"?>
<!-- Generated by org.testng.reporters.JUnitXMLReporter -->
<testsuite ignored="1" hostname="THRINATH" failures="0" tests="1" name="Default test" time="8.185" errors="0" timestamp="2025-03-18T10:08:11 IST">
  <testcase classname="com.SalesAndInventorySystem.Admin.Supplier.Supplier" name="TC_IT_005" time="1.504"/>
  <testcase classname="com.SalesAndInventorySystem.Admin.Supplier.Supplier" name="TC_IT_006" time="0.0">
    <ignored/>
  </testcase> <!-- TC_IT_006 -->
</testsuite> <!-- Default test -->
