<?xml version="1.0" encoding="UTF-8"?>
<testng-results ignored="1" total="2" passed="1" failed="0" skipped="0">
  <reporter-output>
  </reporter-output>
  <suite started-at="2025-03-18T10:08:03 IST" name="Default suite" finished-at="2025-03-18T10:08:11 IST" duration-ms="8185">
    <groups>
      <group name="integration">
        <method signature="Supplier.TC_IT_005()[pri:0, instance:com.SalesAndInventorySystem.Admin.Supplier.Supplier@3fc2959f]" name="TC_IT_005" class="com.SalesAndInventorySystem.Admin.Supplier.Supplier"/>
      </group> <!-- integration -->
    </groups>
    <test started-at="2025-03-18T10:08:03 IST" name="Default test" finished-at="2025-03-18T10:08:11 IST" duration-ms="8185">
      <class name="com.SalesAndInventorySystem.Admin.Supplier.Supplier">
        <test-method is-config="true" signature="configBs()[pri:0, instance:com.SalesAndInventorySystem.Admin.Supplier.Supplier@3fc2959f]" started-at="2025-03-18T10:08:03 IST" name="configBs" finished-at="2025-03-18T10:08:03 IST" duration-ms="9" status="PASS">
          <reporter-output>
          </reporter-output>
        </test-method> <!-- configBs -->
        <test-method is-config="true" signature="configBc(java.lang.String)[pri:0, instance:com.SalesAndInventorySystem.Admin.Supplier.Supplier@3fc2959f]" started-at="2025-03-18T10:08:03 IST" name="configBc" finished-at="2025-03-18T10:08:04 IST" duration-ms="1196" status="PASS">
          <params>
            <param index="0">
              <value>
                <![CDATA[chrome]]>
              </value>
            </param>
          </params>
          <reporter-output>
          </reporter-output>
        </test-method> <!-- configBc -->
        <test-method is-config="true" signature="configBm()[pri:0, instance:com.SalesAndInventorySystem.Admin.Supplier.Supplier@3fc2959f]" started-at="2025-03-18T10:08:04 IST" name="configBm" finished-at="2025-03-18T10:08:05 IST" duration-ms="955" status="PASS">
          <reporter-output>
          </reporter-output>
        </test-method> <!-- configBm -->
        <test-method signature="TC_IT_005()[pri:0, instance:com.SalesAndInventorySystem.Admin.Supplier.Supplier@3fc2959f]" started-at="2025-03-18T10:08:05 IST" name="TC_IT_005" finished-at="2025-03-18T10:08:07 IST" duration-ms="1504" status="PASS">
          <reporter-output>
          </reporter-output>
        </test-method> <!-- TC_IT_005 -->
        <test-method is-config="true" signature="configAm()[pri:0, instance:com.SalesAndInventorySystem.Admin.Supplier.Supplier@3fc2959f]" started-at="2025-03-18T10:08:07 IST" name="configAm" finished-at="2025-03-18T10:08:11 IST" duration-ms="4369" status="PASS">
          <reporter-output>
          </reporter-output>
        </test-method> <!-- configAm -->
        <test-method is-config="true" signature="configAC()[pri:0, instance:com.SalesAndInventorySystem.Admin.Supplier.Supplier@3fc2959f]" started-at="2025-03-18T10:08:11 IST" name="configAC" finished-at="2025-03-18T10:08:11 IST" duration-ms="138" status="PASS">
          <reporter-output>
          </reporter-output>
        </test-method> <!-- configAC -->
        <test-method is-config="true" signature="configAS()[pri:0, instance:com.SalesAndInventorySystem.Admin.Supplier.Supplier@3fc2959f]" started-at="2025-03-18T10:08:11 IST" name="configAS" finished-at="2025-03-18T10:08:11 IST" duration-ms="0" status="PASS">
          <reporter-output>
          </reporter-output>
        </test-method> <!-- configAS -->
      </class> <!-- com.SalesAndInventorySystem.Admin.Supplier.Supplier -->
    </test> <!-- Default test -->
  </suite> <!-- Default suite -->
</testng-results>
